This is pdfTeX, Version 3.14159265-2.6-1.40.21 (TeX Live 2020/W32TeX) (preloaded format=pdflatex 2021.2.14)  17 MAY 2021 12:56
entering extended mode
 restricted \write18 enabled.
 file:line:error style messages enabled.
 %&-line parsing enabled.
**c:/Users/65962/Documents/NUS/2021_Sem_2/THESIS/principal_flows_package/report/fyp.tex
(c:/Users/65962/Documents/NUS/2021_Sem_2/THESIS/principal_flows_package/report/fyp.tex
LaTeX2e <2020-10-01> patch level 4
L3 programming layer <2021-02-06> (c:/texlive/2020/texmf-dist/tex/latex/base/report.cls
Document Class: report 2020/04/10 v1.4m Standard LaTeX document class
(c:/texlive/2020/texmf-dist/tex/latex/base/size12.clo
File: size12.clo 2020/04/10 v1.4m Standard LaTeX file (size option)
)
\c@part=\count177
\c@chapter=\count178
\c@section=\count179
\c@subsection=\count180
\c@subsubsection=\count181
\c@paragraph=\count182
\c@subparagraph=\count183
\c@figure=\count184
\c@table=\count185
\abovecaptionskip=\skip47
\belowcaptionskip=\skip48
\bibindent=\dimen138
) (c:/texlive/2020/texmf-dist/tex/latex/base/inputenc.sty
Package: inputenc 2020/08/01 v1.3d Input encoding file
\inpenc@prehook=\toks15
\inpenc@posthook=\toks16
) (c:/texlive/2020/texmf-dist/tex/latex/tools/tabularx.sty
Package: tabularx 2020/01/15 v2.11c `tabularx' package (DPC)
 (c:/texlive/2020/texmf-dist/tex/latex/tools/array.sty
Package: array 2020/10/01 v2.5c Tabular extension package (FMi)
\col@sep=\dimen139
\ar@mcellbox=\box47
\extrarowheight=\dimen140
\NC@list=\toks17
\extratabsurround=\skip49
\backup@length=\skip50
\ar@cellbox=\box48
)
\TX@col@width=\dimen141
\TX@old@table=\dimen142
\TX@old@col=\dimen143
\TX@target=\dimen144
\TX@delta=\dimen145
\TX@cols=\count186
\TX@ftn=\toks18
) (c:/texlive/2020/texmf-dist/tex/latex/amsmath/amsmath.sty
Package: amsmath 2020/09/23 v2.17i AMS math features
\@mathmargin=\skip51

For additional information on amsmath, use the `?' option.
(c:/texlive/2020/texmf-dist/tex/latex/amsmath/amstext.sty
Package: amstext 2000/06/29 v2.01 AMS text
 (c:/texlive/2020/texmf-dist/tex/latex/amsmath/amsgen.sty
File: amsgen.sty 1999/11/30 v2.0 generic functions
\@emptytoks=\toks19
\ex@=\dimen146
)) (c:/texlive/2020/texmf-dist/tex/latex/amsmath/amsbsy.sty
Package: amsbsy 1999/11/29 v1.2d Bold Symbols
\pmbraise@=\dimen147
) (c:/texlive/2020/texmf-dist/tex/latex/amsmath/amsopn.sty
Package: amsopn 2016/03/08 v2.02 operator names
)
\inf@bad=\count187
LaTeX Info: Redefining \frac on input line 234.
\uproot@=\count188
\leftroot@=\count189
LaTeX Info: Redefining \overline on input line 399.
\classnum@=\count190
\DOTSCASE@=\count191
LaTeX Info: Redefining \ldots on input line 496.
LaTeX Info: Redefining \dots on input line 499.
LaTeX Info: Redefining \cdots on input line 620.
\Mathstrutbox@=\box49
\strutbox@=\box50
\big@size=\dimen148
LaTeX Font Info:    Redeclaring font encoding OML on input line 743.
LaTeX Font Info:    Redeclaring font encoding OMS on input line 744.
\macc@depth=\count192
\c@MaxMatrixCols=\count193
\dotsspace@=\muskip16
\c@parentequation=\count194
\dspbrk@lvl=\count195
\tag@help=\toks20
\row@=\count196
\column@=\count197
\maxfields@=\count198
\andhelp@=\toks21
\eqnshift@=\dimen149
\alignsep@=\dimen150
\tagshift@=\dimen151
\tagwidth@=\dimen152
\totwidth@=\dimen153
\lineht@=\dimen154
\@envbody=\toks22
\multlinegap=\skip52
\multlinetaggap=\skip53
\mathdisplay@stack=\toks23
LaTeX Info: Redefining \[ on input line 2923.
LaTeX Info: Redefining \] on input line 2924.
) (c:/texlive/2020/texmf-dist/tex/latex/amsfonts/amssymb.sty
Package: amssymb 2013/01/14 v3.01 AMS font symbols
 (c:/texlive/2020/texmf-dist/tex/latex/amsfonts/amsfonts.sty
Package: amsfonts 2013/01/14 v3.01 Basic AMSFonts support
\symAMSa=\mathgroup4
\symAMSb=\mathgroup5
LaTeX Font Info:    Redeclaring math symbol \hbar on input line 98.
LaTeX Font Info:    Overwriting math alphabet `\mathfrak' in version `bold'
(Font)                  U/euf/m/n --> U/euf/b/n on input line 106.
)) (c:/texlive/2020/texmf-dist/tex/latex/amscls/amsthm.sty
Package: amsthm 2020/05/29 v2.20.6
\thm@style=\toks24
\thm@bodyfont=\toks25
\thm@headfont=\toks26
\thm@notefont=\toks27
\thm@headpunct=\toks28
\thm@preskip=\skip54
\thm@postskip=\skip55
\thm@headsep=\skip56
\dth@everypar=\toks29
) (c:/texlive/2020/texmf-dist/tex/latex/algorithm2e/algorithm2e.sty
Package: algorithm2e 2017/07/18 v5.2 algorithms environments
\c@AlgoLine=\count199
 (c:/texlive/2020/texmf-dist/tex/latex/base/ifthen.sty
Package: ifthen 2014/09/29 v1.1c Standard LaTeX ifthen package (DPC)
)
\algocf@hangindent=\skip57
 (c:/texlive/2020/texmf-dist/tex/latex/ifoddpage/ifoddpage.sty
Package: ifoddpage 2016/04/23 v1.1 Conditionals for odd/even page detection
\c@checkoddpage=\count266
) (c:/texlive/2020/texmf-dist/tex/latex/tools/xspace.sty
Package: xspace 2014/10/28 v1.13 Space after command names (DPC,MH)
) (c:/texlive/2020/texmf-dist/tex/latex/relsize/relsize.sty
Package: relsize 2013/03/29 ver 4.1
)
\skiptotal=\skip58
\skiplinenumber=\skip59
\skiprule=\skip60
\skiphlne=\skip61
\skiptext=\skip62
\skiplength=\skip63
\algomargin=\skip64
\skipalgocfslide=\skip65
\algowidth=\dimen155
\inoutsize=\dimen156
\inoutindent=\dimen157
\interspacetitleruled=\dimen158
\interspacealgoruled=\dimen159
\interspacetitleboxruled=\dimen160
\algocf@ruledwidth=\skip66
\algocf@inoutbox=\box51
\algocf@inputbox=\box52
\AlCapSkip=\skip67
\AlCapHSkip=\skip68
\algoskipindent=\skip69
\algocf@nlbox=\box53
\algocf@hangingbox=\box54
\algocf@untilbox=\box55
\algocf@skipuntil=\skip70
\algocf@capbox=\box56
\algocf@lcaptionbox=\skip71
\algoheightruledefault=\skip72
\algoheightrule=\skip73
\algotitleheightruledefault=\skip74
\algotitleheightrule=\skip75
\c@algocfline=\count267
\c@algocfproc=\count268
\c@algocf=\count269
\algocf@algoframe=\box57
\algocf@algobox=\box58
) (c:/texlive/2020/texmf-dist/tex/latex/caption/caption.sty
Package: caption 2020/10/26 v3.5g Customizing captions (AR)
 (c:/texlive/2020/texmf-dist/tex/latex/caption/caption3.sty
Package: caption3 2020/10/21 v2.2e caption3 kernel (AR)
 (c:/texlive/2020/texmf-dist/tex/latex/graphics/keyval.sty
Package: keyval 2014/10/28 v1.15 key=value parser (DPC)
\KV@toks@=\toks30
)
\captionmargin=\dimen161
\captionmargin@=\dimen162
\captionwidth=\dimen163
\caption@tempdima=\dimen164
\caption@indent=\dimen165
\caption@parindent=\dimen166
\caption@hangindent=\dimen167
Package caption Info: Standard document class detected.
)
\c@caption@flags=\count270
\c@continuedfloat=\count271
) (c:/texlive/2020/texmf-dist/tex/latex/caption/subcaption.sty
Package: subcaption 2020/10/07 v1.3j Sub-captions (AR)
\c@subfigure=\count272
\c@subtable=\count273
) (c:/texlive/2020/texmf-dist/tex/latex/url/url.sty
\Urlmuskip=\muskip17
Package: url 2013/09/16  ver 3.4  Verb mode for urls, etc.
) (c:/texlive/2020/texmf-dist/tex/latex/appendix/appendix.sty
Package: appendix 2020/02/08 v1.2c extra appendix facilities
\c@@pps=\count274
\c@@ppsavesec=\count275
\c@@ppsaveapp=\count276
) (c:/texlive/2020/texmf-dist/tex/latex/graphics/graphicx.sty
Package: graphicx 2020/09/09 v1.2b Enhanced LaTeX Graphics (DPC,SPQR)
 (c:/texlive/2020/texmf-dist/tex/latex/graphics/graphics.sty
Package: graphics 2020/08/30 v1.4c Standard LaTeX Graphics (DPC,SPQR)
 (c:/texlive/2020/texmf-dist/tex/latex/graphics/trig.sty
Package: trig 2016/01/03 v1.10 sin cos tan (DPC)
) (c:/texlive/2020/texmf-dist/tex/latex/graphics-cfg/graphics.cfg
File: graphics.cfg 2016/06/04 v1.11 sample graphics configuration
)
Package graphics Info: Driver file: pdftex.def on input line 105.
 (c:/texlive/2020/texmf-dist/tex/latex/graphics-def/pdftex.def
File: pdftex.def 2020/10/05 v1.2a Graphics/color driver for pdftex
))
\Gin@req@height=\dimen168
\Gin@req@width=\dimen169
) (c:/texlive/2020/texmf-dist/tex/latex/cite/cite.sty
LaTeX Info: Redefining \cite on input line 302.
LaTeX Info: Redefining \nocite on input line 332.
Package: cite 2015/02/27  v 5.5
) (c:/texlive/2020/texmf-dist/tex/latex/geometry/geometry.sty
Package: geometry 2020/01/02 v5.9 Page Geometry
 (c:/texlive/2020/texmf-dist/tex/generic/iftex/ifvtex.sty
Package: ifvtex 2019/10/25 v1.7 ifvtex legacy package. Use iftex instead.
 (c:/texlive/2020/texmf-dist/tex/generic/iftex/iftex.sty
Package: iftex 2020/03/06 v1.0d TeX engine tests
))
\Gm@cnth=\count277
\Gm@cntv=\count278
\c@Gm@tempcnt=\count279
\Gm@bindingoffset=\dimen170
\Gm@wd@mp=\dimen171
\Gm@odd@mp=\dimen172
\Gm@even@mp=\dimen173
\Gm@layoutwidth=\dimen174
\Gm@layoutheight=\dimen175
\Gm@layouthoffset=\dimen176
\Gm@layoutvoffset=\dimen177
\Gm@dimlist=\toks31
) (c:/texlive/2020/texmf-dist/tex/latex/hyperref/hyperref.sty
Package: hyperref 2021-02-10 v7.00j Hypertext links for LaTeX
 (c:/texlive/2020/texmf-dist/tex/generic/ltxcmds/ltxcmds.sty
Package: ltxcmds 2020-05-10 v1.25 LaTeX kernel commands for general use (HO)
) (c:/texlive/2020/texmf-dist/tex/generic/pdftexcmds/pdftexcmds.sty
Package: pdftexcmds 2020-06-27 v0.33 Utility functions of pdfTeX for LuaTeX (HO)
 (c:/texlive/2020/texmf-dist/tex/generic/infwarerr/infwarerr.sty
Package: infwarerr 2019/12/03 v1.5 Providing info/warning/error messages (HO)
)
Package pdftexcmds Info: \pdf@primitive is available.
Package pdftexcmds Info: \pdf@ifprimitive is available.
Package pdftexcmds Info: \pdfdraftmode found.
) (c:/texlive/2020/texmf-dist/tex/generic/kvsetkeys/kvsetkeys.sty
Package: kvsetkeys 2019/12/15 v1.18 Key value parser (HO)
) (c:/texlive/2020/texmf-dist/tex/generic/kvdefinekeys/kvdefinekeys.sty
Package: kvdefinekeys 2019-12-19 v1.6 Define keys (HO)
) (c:/texlive/2020/texmf-dist/tex/generic/pdfescape/pdfescape.sty
Package: pdfescape 2019/12/09 v1.15 Implements pdfTeX's escape features (HO)
) (c:/texlive/2020/texmf-dist/tex/latex/hycolor/hycolor.sty
Package: hycolor 2020-01-27 v1.10 Color options for hyperref/bookmark (HO)
) (c:/texlive/2020/texmf-dist/tex/latex/letltxmacro/letltxmacro.sty
Package: letltxmacro 2019/12/03 v1.6 Let assignment for LaTeX macros (HO)
) (c:/texlive/2020/texmf-dist/tex/latex/auxhook/auxhook.sty
Package: auxhook 2019-12-17 v1.6 Hooks for auxiliary files (HO)
) (c:/texlive/2020/texmf-dist/tex/latex/kvoptions/kvoptions.sty
Package: kvoptions 2020-10-07 v3.14 Key value format for package options (HO)
)
\@linkdim=\dimen178
\Hy@linkcounter=\count280
\Hy@pagecounter=\count281
 (c:/texlive/2020/texmf-dist/tex/latex/hyperref/pd1enc.def
File: pd1enc.def 2021-02-10 v7.00j Hyperref: PDFDocEncoding definition (HO)
Now handling font encoding PD1 ...
... no UTF-8 mapping file for font encoding PD1
) (c:/texlive/2020/texmf-dist/tex/latex/hyperref/hyperref-langpatches.def
File: hyperref-langpatches.def 2021-02-10 v7.00j Hyperref: patches for babel languages
) (c:/texlive/2020/texmf-dist/tex/generic/intcalc/intcalc.sty
Package: intcalc 2019/12/15 v1.3 Expandable calculations with integers (HO)
) (c:/texlive/2020/texmf-dist/tex/generic/etexcmds/etexcmds.sty
Package: etexcmds 2019/12/15 v1.7 Avoid name clashes with e-TeX commands (HO)
)
\Hy@SavedSpaceFactor=\count282
 (c:/texlive/2020/texmf-dist/tex/latex/hyperref/puenc.def
File: puenc.def 2021-02-10 v7.00j Hyperref: PDF Unicode definition (HO)
Now handling font encoding PU ...
... no UTF-8 mapping file for font encoding PU
)
Package hyperref Info: Option `final' set `true' on input line 4073.
Package hyperref Info: Hyper figures OFF on input line 4192.
Package hyperref Info: Link nesting OFF on input line 4197.
Package hyperref Info: Hyper index ON on input line 4200.
Package hyperref Info: Plain pages OFF on input line 4207.
Package hyperref Info: Backreferencing OFF on input line 4212.
Package hyperref Info: Implicit mode ON; LaTeX internals redefined.
Package hyperref Info: Bookmarks ON on input line 4445.
\c@Hy@tempcnt=\count283
LaTeX Info: Redefining \url on input line 4804.
\XeTeXLinkMargin=\dimen179
 (c:/texlive/2020/texmf-dist/tex/generic/bitset/bitset.sty
Package: bitset 2019/12/09 v1.3 Handle bit-vector datatype (HO)
 (c:/texlive/2020/texmf-dist/tex/generic/bigintcalc/bigintcalc.sty
Package: bigintcalc 2019/12/15 v1.5 Expandable calculations on big integers (HO)
))
\Fld@menulength=\count284
\Field@Width=\dimen180
\Fld@charsize=\dimen181
Package hyperref Info: Hyper figures OFF on input line 6075.
Package hyperref Info: Link nesting OFF on input line 6080.
Package hyperref Info: Hyper index ON on input line 6083.
Package hyperref Info: backreferencing OFF on input line 6090.
Package hyperref Info: Link coloring OFF on input line 6095.
Package hyperref Info: Link coloring with OCG OFF on input line 6100.
Package hyperref Info: PDF/A mode OFF on input line 6105.
LaTeX Info: Redefining \ref on input line 6145.
LaTeX Info: Redefining \pageref on input line 6149.
 (c:/texlive/2020/texmf-dist/tex/latex/base/atbegshi-ltx.sty
Package: atbegshi-ltx 2020/08/17 v1.0a Emulation of the original atbegshi package
with kernel methods
)
\Hy@abspage=\count285
\c@Item=\count286
\c@Hfootnote=\count287
)
Package hyperref Info: Driver (autodetected): hpdftex.
 (c:/texlive/2020/texmf-dist/tex/latex/hyperref/hpdftex.def
File: hpdftex.def 2021-02-10 v7.00j Hyperref driver for pdfTeX
 (c:/texlive/2020/texmf-dist/tex/latex/base/atveryend-ltx.sty
Package: atveryend-ltx 2020/08/19 v1.0a Emulation of the original atvery package
with kernel methods
)
\Fld@listcount=\count288
\c@bookmark@seq@number=\count289
 (c:/texlive/2020/texmf-dist/tex/latex/rerunfilecheck/rerunfilecheck.sty
Package: rerunfilecheck 2019/12/05 v1.9 Rerun checks for auxiliary files (HO)
 (c:/texlive/2020/texmf-dist/tex/generic/uniquecounter/uniquecounter.sty
Package: uniquecounter 2019/12/15 v1.4 Provide unlimited unique counter (HO)
)
Package uniquecounter Info: New unique counter `rerunfilecheck' on input line 286.
)
\Hy@SectionHShift=\skip76
)
Package hyperref Info: Option `colorlinks' set `true' on input line 32.
 (c:/texlive/2020/texmf-dist/tex/latex/setspace/setspace.sty
Package: setspace 2011/12/19 v6.7a set line spacing
) (c:/texlive/2020/texmf-dist/tex/latex/l3backend/l3backend-pdftex.def
File: l3backend-pdftex.def 2021-02-06 L3 backend support: PDF output (pdfTeX)
\l__color_backend_stack_int=\count290
\l__pdf_internal_box=\box59
) (c:/Users/65962/Documents/NUS/2021_Sem_2/THESIS/principal_flows_package/report/fyp.aux)
\openout1 = `fyp.aux'.

LaTeX Font Info:    Checking defaults for OML/cmm/m/it on input line 36.
LaTeX Font Info:    ... okay on input line 36.
LaTeX Font Info:    Checking defaults for OMS/cmsy/m/n on input line 36.
LaTeX Font Info:    ... okay on input line 36.
LaTeX Font Info:    Checking defaults for OT1/cmr/m/n on input line 36.
LaTeX Font Info:    ... okay on input line 36.
LaTeX Font Info:    Checking defaults for T1/cmr/m/n on input line 36.
LaTeX Font Info:    ... okay on input line 36.
LaTeX Font Info:    Checking defaults for TS1/cmr/m/n on input line 36.
LaTeX Font Info:    ... okay on input line 36.
LaTeX Font Info:    Checking defaults for OMX/cmex/m/n on input line 36.
LaTeX Font Info:    ... okay on input line 36.
LaTeX Font Info:    Checking defaults for U/cmr/m/n on input line 36.
LaTeX Font Info:    ... okay on input line 36.
LaTeX Font Info:    Checking defaults for PD1/pdf/m/n on input line 36.
LaTeX Font Info:    ... okay on input line 36.
LaTeX Font Info:    Checking defaults for PU/pdf/m/n on input line 36.
LaTeX Font Info:    ... okay on input line 36.
Package caption Info: Begin \AtBeginDocument code.
Package caption Info: hyperref package is loaded.
Package caption Info: End \AtBeginDocument code.
 (c:/texlive/2020/texmf-dist/tex/context/base/mkii/supp-pdf.mkii
[Loading MPS to PDF converter (version 2006.09.02).]
\scratchcounter=\count291
\scratchdimen=\dimen182
\scratchbox=\box60
\nofMPsegments=\count292
\nofMParguments=\count293
\everyMPshowfont=\toks32
\MPscratchCnt=\count294
\MPscratchDim=\dimen183
\MPnumerator=\count295
\makeMPintoPDFobject=\count296
\everyMPtoPDFconversion=\toks33
) (c:/texlive/2020/texmf-dist/tex/latex/epstopdf-pkg/epstopdf-base.sty
Package: epstopdf-base 2020-01-24 v2.11 Base part for package epstopdf
Package epstopdf-base Info: Redefining graphics rule for `.eps' on input line 485.
 (c:/texlive/2020/texmf-dist/tex/latex/latexconfig/epstopdf-sys.cfg
File: epstopdf-sys.cfg 2010/07/13 v1.3 Configuration of (r)epstopdf for TeX Live
))
*geometry* driver: auto-detecting
*geometry* detected driver: pdftex
*geometry* verbose mode - [ preamble ] result:
* driver: pdftex
* paper: letterpaper
* layout: <same size as paper>
* layoutoffset:(h,v)=(0.0pt,0.0pt)
* modes: 
* h-part:(L,W,R)=(72.26999pt, 469.75502pt, 72.26999pt)
* v-part:(T,H,B)=(72.26999pt, 650.43001pt, 72.26999pt)
* \paperwidth=614.295pt
* \paperheight=794.96999pt
* \textwidth=469.75502pt
* \textheight=650.43001pt
* \oddsidemargin=0.0pt
* \evensidemargin=0.0pt
* \topmargin=-37.0pt
* \headheight=12.0pt
* \headsep=25.0pt
* \topskip=12.0pt
* \footskip=30.0pt
* \marginparwidth=44.0pt
* \marginparsep=10.0pt
* \columnsep=10.0pt
* \skip\footins=10.8pt plus 4.0pt minus 2.0pt
* \hoffset=0.0pt
* \voffset=0.0pt
* \mag=1000
* \@twocolumnfalse
* \@twosidefalse
* \@mparswitchfalse
* \@reversemarginfalse
* (1in=72.27pt=25.4mm, 1cm=28.453pt)

(c:/texlive/2020/texmf-dist/tex/latex/graphics/color.sty
Package: color 2020/02/24 v1.2b Standard LaTeX Color (DPC)
 (c:/texlive/2020/texmf-dist/tex/latex/graphics-cfg/color.cfg
File: color.cfg 2016/01/02 v1.6 sample color configuration
)
Package color Info: Driver file: pdftex.def on input line 147.
)
Package hyperref Info: Link coloring ON on input line 36.
 (c:/texlive/2020/texmf-dist/tex/latex/hyperref/nameref.sty
Package: nameref 2021-04-02 v2.47 Cross-referencing by name of section
 (c:/texlive/2020/texmf-dist/tex/latex/refcount/refcount.sty
Package: refcount 2019/12/15 v3.6 Data extraction from label references (HO)
) (c:/texlive/2020/texmf-dist/tex/generic/gettitlestring/gettitlestring.sty
Package: gettitlestring 2019/12/15 v1.6 Cleanup title references (HO)
)
\c@section@level=\count297
)
LaTeX Info: Redefining \ref on input line 36.
LaTeX Info: Redefining \pageref on input line 36.
LaTeX Info: Redefining \nameref on input line 36.
 (c:/Users/65962/Documents/NUS/2021_Sem_2/THESIS/principal_flows_package/report/fyp.out) (c:/Users/65962/Documents/NUS/2021_Sem_2/THESIS/principal_flows_package/report/fyp.out)
\@outlinefile=\write3
\openout3 = `fyp.out'.

<university.jpg, id=155, 1395.2125pt x 865.2325pt>
File: university.jpg Graphic file (type jpg)
<use university.jpg>
Package pdftex.def Info: university.jpg  used on input line 46.
(pdftex.def)             Requested size: 328.82707pt x 203.91057pt.
LaTeX Font Info:    Trying to load font information for U+msa on input line 46.
 (c:/texlive/2020/texmf-dist/tex/latex/amsfonts/umsa.fd
File: umsa.fd 2013/01/14 v3.01 AMS symbols A
)
LaTeX Font Info:    Trying to load font information for U+msb on input line 46.
 (c:/texlive/2020/texmf-dist/tex/latex/amsfonts/umsb.fd
File: umsb.fd 2013/01/14 v3.01 AMS symbols B
) [1

{c:/texlive/2020/texmf-var/fonts/map/pdftex/updmap/pdftex.map} <c:/Users/65962/Documents/NUS/2021_Sem_2/THESIS/principal_flows_package/report/university.jpg>]pdfTeX warning (ext4): destination with the same identifier (name{page.1}) has been already used, duplicate ignored
<to be read again> 
                   \relax 
l.71 \chapter
             *{Abstract} [1

] [2

] (c:/Users/65962/Documents/NUS/2021_Sem_2/THESIS/principal_flows_package/report/fyp.toc [3

])
\tf@toc=\write4
\openout4 = `fyp.toc'.

 [4] (c:/Users/65962/Documents/NUS/2021_Sem_2/THESIS/principal_flows_package/report/fyp.lof [5

])
\tf@lof=\write5
\openout5 = `fyp.lof'.

 [6]
Chapter 1.
[7

] [8] [9]
<fig2.5.PNG, id=298, 377.61075pt x 361.35pt>
File: fig2.5.PNG Graphic file (type png)
<use fig2.5.PNG>
Package pdftex.def Info: fig2.5.PNG  used on input line 193.
(pdftex.def)             Requested size: 151.04161pt x 144.53743pt.
 [10 <c:/Users/65962/Documents/NUS/2021_Sem_2/THESIS/principal_flows_package/report/fig2.5.PNG>]
Underfull \hbox (badness 10000) in paragraph at lines 212--212
[][][][]$\OT1/cmtt/m/n/10 https : / / en . wikipedia . org / wiki / Great -[] circle _ distance # /media / File : Illustration _ of _
 []

<geodesic.png, id=309, 1204.5pt x 1204.5pt>
File: geodesic.png Graphic file (type png)
<use geodesic.png>
Package pdftex.def Info: geodesic.png  used on input line 215.
(pdftex.def)             Requested size: 120.45705pt x 120.45705pt.
<exp_map.PNG, id=312, 286.06876pt x 176.15813pt>
File: exp_map.PNG Graphic file (type png)
<use exp_map.PNG>
Package pdftex.def Info: exp_map.PNG  used on input line 238.
(pdftex.def)             Requested size: 228.85532pt x 140.92668pt.

Underfull \hbox (badness 10000) in paragraph at lines 234--250

 []

[11 <c:/Users/65962/Documents/NUS/2021_Sem_2/THESIS/principal_flows_package/report/geodesic.png>]
<log_map.PNG, id=323, 286.06876pt x 176.15813pt>
File: log_map.PNG Graphic file (type png)
<use log_map.PNG>
Package pdftex.def Info: log_map.PNG  used on input line 260.
(pdftex.def)             Requested size: 228.85532pt x 140.92668pt.
 [12 <c:/Users/65962/Documents/NUS/2021_Sem_2/THESIS/principal_flows_package/report/exp_map.PNG> <c:/Users/65962/Documents/NUS/2021_Sem_2/THESIS/principal_flows_package/report/log_map.PNG>]
Underfull \hbox (badness 10000) in paragraph at lines 276--276
[][][][]$\OT1/cmtt/m/n/10 https : / / www . researchgate . net / figure / Conceptual -[] illustration -[] of -[] the -[] tangent -[] space -[] at -[]
 []

<tan_space_final.PNG, id=334, 540.8205pt x 152.9715pt>
File: tan_space_final.PNG Graphic file (type png)
<use tan_space_final.PNG>
Package pdftex.def Info: tan_space_final.PNG  used on input line 280.
(pdftex.def)             Requested size: 459.69958pt x 130.02637pt.
[13 <c:/Users/65962/Documents/NUS/2021_Sem_2/THESIS/principal_flows_package/report/tan_space_final.PNG>] [14]
Chapter 2.
<pca_illust.PNG, id=350, 197.538pt x 174.05025pt>
File: pca_illust.PNG Graphic file (type png)
<use pca_illust.PNG>
Package pdftex.def Info: pca_illust.PNG  used on input line 380.
(pdftex.def)             Requested size: 167.90808pt x 147.94339pt.
[15

]
<mds_result.png, id=360, 248.93pt x 203.76125pt>
File: mds_result.png Graphic file (type png)
<use mds_result.png>
Package pdftex.def Info: mds_result.png  used on input line 458.
(pdftex.def)             Requested size: 248.92938pt x 203.76074pt.
 [16 <c:/Users/65962/Documents/NUS/2021_Sem_2/THESIS/principal_flows_package/report/pca_illust.PNG>] [17 <c:/Users/65962/Documents/NUS/2021_Sem_2/THESIS/principal_flows_package/report/mds_result.png>] [18]
<isomap.PNG, id=387, 405.31425pt x 162.6075pt>
File: isomap.PNG Graphic file (type png)
<use isomap.PNG>
Package pdftex.def Info: isomap.PNG  used on input line 501.
(pdftex.def)             Requested size: 344.51874pt x 138.21703pt.
 [19 <c:/Users/65962/Documents/NUS/2021_Sem_2/THESIS/principal_flows_package/report/isomap.PNG>] [20]
<LLE.png, id=403, 490.83376pt x 483.30562pt>
File: LLE.png Graphic file (type png)
<use LLE.png>
Package pdftex.def Info: LLE.png  used on input line 572.
(pdftex.def)             Requested size: 269.9594pt x 265.81891pt.
 [21]
<pga_directions.PNG, id=412, 348.1005pt x 200.54926pt>
File: pga_directions.PNG Graphic file (type png)
<use pga_directions.PNG>
Package pdftex.def Info: pga_directions.PNG  used on input line 637.
(pdftex.def)             Requested size: 156.64377pt x 90.24632pt.
 [22 <c:/Users/65962/Documents/NUS/2021_Sem_2/THESIS/principal_flows_package/report/LLE.png>] [23 <c:/Users/65962/Documents/NUS/2021_Sem_2/THESIS/principal_flows_package/report/pga_directions.PNG>]
Chapter 3.
<flow_vector_field.PNG, id=432, 307.1475pt x 320.397pt>
File: flow_vector_field.PNG Graphic file (type png)
<use flow_vector_field.PNG>
Package pdftex.def Info: flow_vector_field.PNG  used on input line 676.
(pdftex.def)             Requested size: 261.0766pt x 272.33873pt.
[24

] [25 <c:/Users/65962/Documents/NUS/2021_Sem_2/THESIS/principal_flows_package/report/flow_vector_field.PNG>] [26] [27] [28]
<main_flow_procedure.png, id=462, 8030.0pt x 6775.3125pt>
File: main_flow_procedure.png Graphic file (type png)
<use main_flow_procedure.png>
Package pdftex.def Info: main_flow_procedure.png  used on input line 846.
(pdftex.def)             Requested size: 441.5901pt x 372.59166pt.
 [29 <c:/Users/65962/Documents/NUS/2021_Sem_2/THESIS/principal_flows_package/report/main_flow_procedure.png (PNG copy)>] [30]
<boundary_on_sphere.png, id=475, 227.34938pt x 125.71968pt>
File: boundary_on_sphere.png Graphic file (type png)
<use boundary_on_sphere.png>
Package pdftex.def Info: boundary_on_sphere.png  used on input line 898.
(pdftex.def)             Requested size: 272.81787pt x 150.86284pt.

Underfull \hbox (badness 10000) in paragraph at lines 962--962
[]\OT1/cmr/bx/n/12 Algorithm 8: \OT1/cmr/m/n/12 GreedyBoundaryFlow($\OMS/cmsy/m/n/12 f\OML/cmm/m/it/12 x[]; :::x[]\OMS/cmsy/m/n/12 g$\OT1/cmr/m/n/12 , $\OML/cmm/m/it/12 centroid$\OT1/cmr/m/n/12 , $\OMS/cmsy/m/n/12 K$\OT1/cmr/m/n/12 , $\OML/cmm/m/it/12 max[]iter$\OT1/cmr/m/n/12 ,
 []

[31 <c:/Users/65962/Documents/NUS/2021_Sem_2/THESIS/principal_flows_package/report/boundary_on_sphere.png>] [32]
Chapter 4.
<Data_13.png, id=487, 462.528pt x 346.896pt>
File: Data_13.png Graphic file (type png)
<use Data_13.png>
Package pdftex.def Info: Data_13.png  used on input line 987.
(pdftex.def)             Requested size: 231.26343pt x 173.44757pt.
<single_flow_13.png, id=488, 462.528pt x 346.896pt>
File: single_flow_13.png Graphic file (type png)
<use single_flow_13.png>
Package pdftex.def Info: single_flow_13.png  used on input line 993.
(pdftex.def)             Requested size: 231.26343pt x 173.44757pt.
[33

]
<noisy_13_binary.png, id=493, 462.528pt x 346.896pt>
File: noisy_13_binary.png Graphic file (type png)
<use noisy_13_binary.png>
Package pdftex.def Info: noisy_13_binary.png  used on input line 1027.
(pdftex.def)             Requested size: 231.26343pt x 173.44757pt.
<noisy_13_gaussian.png, id=494, 462.528pt x 346.896pt>
File: noisy_13_gaussian.png Graphic file (type png)
<use noisy_13_gaussian.png>
Package pdftex.def Info: noisy_13_gaussian.png  used on input line 1033.
(pdftex.def)             Requested size: 231.26343pt x 173.44757pt.
 [34 <c:/Users/65962/Documents/NUS/2021_Sem_2/THESIS/principal_flows_package/report/Data_13.png> <c:/Users/65962/Documents/NUS/2021_Sem_2/THESIS/principal_flows_package/report/single_flow_13.png>]
<noisy_boundary_flow13.jpg, id=502, 642.4pt x 481.8pt>
File: noisy_boundary_flow13.jpg Graphic file (type jpg)
<use noisy_boundary_flow13.jpg>
Package pdftex.def Info: noisy_boundary_flow13.jpg  used on input line 1051.
(pdftex.def)             Requested size: 289.07733pt x 216.80798pt.
 [35 <c:/Users/65962/Documents/NUS/2021_Sem_2/THESIS/principal_flows_package/report/noisy_13_binary.png> <c:/Users/65962/Documents/NUS/2021_Sem_2/THESIS/principal_flows_package/report/noisy_13_gaussian.png> <c:/Users/65962/Documents/NUS/2021_Sem_2/THESIS/principal_flows_package/report/noisy_boundary_flow13.jpg>] [36]
<main_mnist.png, id=514, 1284.8pt x 963.6pt>
File: main_mnist.png Graphic file (type png)
<use main_mnist.png>
Package pdftex.def Info: main_mnist.png  used on input line 1082.
(pdftex.def)             Requested size: 449.68674pt x 337.26506pt.
 [37] [38 <c:/Users/65962/Documents/NUS/2021_Sem_2/THESIS/principal_flows_package/report/main_mnist.png (PNG copy)>]
<main_olivetti_30_01.png, id=523, 1284.8pt x 963.6pt>
File: main_olivetti_30_01.png Graphic file (type png)
<use main_olivetti_30_01.png>
Package pdftex.def Info: main_olivetti_30_01.png  used on input line 1128.
(pdftex.def)             Requested size: 449.68674pt x 337.26506pt.
 [39 <c:/Users/65962/Documents/NUS/2021_Sem_2/THESIS/principal_flows_package/report/main_olivetti_30_01.png (PNG copy)>] [40]
Chapter 5.
[41

] [42

] [43


]
Appendix A.
<main_fashion.png, id=549, 1284.8pt x 963.6pt>
File: main_fashion.png Graphic file (type png)
<use main_fashion.png>
Package pdftex.def Info: main_fashion.png  used on input line 1243.
(pdftex.def)             Requested size: 385.44298pt x 289.08223pt.
[44

 <c:/Users/65962/Documents/NUS/2021_Sem_2/THESIS/principal_flows_package/report/main_fashion.png (PNG copy)>]
<main_cartoon_10_01.png, id=554, 1284.8pt x 963.6pt>
File: main_cartoon_10_01.png Graphic file (type png)
<use main_cartoon_10_01.png>
Package pdftex.def Info: main_cartoon_10_01.png  used on input line 1259.
(pdftex.def)             Requested size: 321.19922pt x 240.89941pt.
 [45 <c:/Users/65962/Documents/NUS/2021_Sem_2/THESIS/principal_flows_package/report/main_cartoon_10_01.png (PNG copy)>]
<main_lfw_10_05.png, id=560, 1284.8pt x 963.6pt>
File: main_lfw_10_05.png Graphic file (type png)
<use main_lfw_10_05.png>
Package pdftex.def Info: main_lfw_10_05.png  used on input line 1277.
(pdftex.def)             Requested size: 385.44298pt x 289.08223pt.
 [46 <c:/Users/65962/Documents/NUS/2021_Sem_2/THESIS/principal_flows_package/report/main_lfw_10_05.png (PNG copy)>] (c:/Users/65962/Documents/NUS/2021_Sem_2/THESIS/principal_flows_package/report/fyp.aux)
Package rerunfilecheck Info: File `fyp.out' has not changed.
(rerunfilecheck)             Checksum: 3B91DD6AFD18DF8D645EA0CF5AC1698D;5506.
 ) 
Here is how much of TeX's memory you used:
 12506 strings out of 479302
 189085 string characters out of 5871204
 499767 words of memory out of 5000000
 29341 multiletter control sequences out of 15000+600000
 418233 words of font info for 83 fonts, out of 8000000 for 9000
 1141 hyphenation exceptions out of 8191
 71i,19n,74p,384b,535s stack positions out of 5000i,500n,10000p,200000b,80000s
pdfTeX warning (dest): name{Hfootnote.5} has been referenced but does not exist, replaced by a fixed one

pdfTeX warning (dest): name{Hfootnote.4} has been referenced but does not exist, replaced by a fixed one

pdfTeX warning (dest): name{Hfootnote.3} has been referenced but does not exist, replaced by a fixed one

pdfTeX warning (dest): name{Hfootnote.2} has been referenced but does not exist, replaced by a fixed one

pdfTeX warning (dest): name{Hfootnote.1} has been referenced but does not exist, replaced by a fixed one

<c:/texlive/2020/texmf-dist/fonts/type1/public/amsfonts/cm/cmbx12.pfb><c:/texlive/2020/texmf-dist/fonts/type1/public/amsfonts/cm/cmbx8.pfb><c:/texlive/2020/texmf-dist/fonts/type1/public/amsfonts/cm/cmex10.pfb><c:/texlive/2020/texmf-dist/fonts/type1/public/amsfonts/cm/cmmi12.pfb><c:/texlive/2020/texmf-dist/fonts/type1/public/amsfonts/cm/cmmi6.pfb><c:/texlive/2020/texmf-dist/fonts/type1/public/amsfonts/cm/cmmi8.pfb><c:/texlive/2020/texmf-dist/fonts/type1/public/amsfonts/cm/cmr10.pfb><c:/texlive/2020/texmf-dist/fonts/type1/public/amsfonts/cm/cmr12.pfb><c:/texlive/2020/texmf-dist/fonts/type1/public/amsfonts/cm/cmr17.pfb><c:/texlive/2020/texmf-dist/fonts/type1/public/amsfonts/cm/cmr6.pfb><c:/texlive/2020/texmf-dist/fonts/type1/public/amsfonts/cm/cmr7.pfb><c:/texlive/2020/texmf-dist/fonts/type1/public/amsfonts/cm/cmr8.pfb><c:/texlive/2020/texmf-dist/fonts/type1/public/amsfonts/cm/cmsy10.pfb><c:/texlive/2020/texmf-dist/fonts/type1/public/amsfonts/cm/cmsy6.pfb><c:/texlive/2020/texmf-dist/fonts/type1/public/amsfonts/cm/cmsy8.pfb><c:/texlive/2020/texmf-dist/fonts/type1/public/amsfonts/cm/cmti12.pfb><c:/texlive/2020/texmf-dist/fonts/type1/public/amsfonts/cm/cmtt10.pfb><c:/texlive/2020/texmf-dist/fonts/type1/public/amsfonts/cm/cmtt12.pfb><c:/texlive/2020/texmf-dist/fonts/type1/public/amsfonts/symbols/msbm10.pfb>
Output written on c:/Users/65962/Documents/NUS/2021_Sem_2/THESIS/principal_flows_package/report/fyp.pdf (47 pages, 7863271 bytes).
PDF statistics:
 661 PDF objects out of 1000 (max. 8388607)
 551 compressed objects within 6 object streams
 149 named destinations out of 1000 (max. 500000)
 425 words of extra memory for PDF output out of 10000 (max. 10000000)

